
2025/02/21 (01:50:19) | ===> btop++ v.1.4.0
2025/02/21 (01:50:19) | WARNING: Intel GPU: Failed to initialize PMU

2025/02/21 (10:13:19) | ===> btop++ v.1.4.0
2025/02/21 (10:13:19) | WARNING: Intel GPU: Failed to initialize PMU

2025/02/24 (13:19:32) | ===> btop++ v.1.4.0
2025/02/24 (13:19:32) | WARNING: Intel GPU: Failed to initialize PMU

2025/02/24 (19:40:38) | ===> btop++ v.1.4.0
2025/02/24 (19:40:38) | WARNING: Intel GPU: Failed to initialize PMU
2025/02/24 (19:41:41) | ERROR: Couldn't determine terminal size of "STDOUT_FILENO"!
2025/02/24 (19:41:41) | ERROR: Couldn't determine terminal size of "/dev/tty"!

2025/02/24 (19:44:09) | ===> btop++ v.1.4.0
2025/02/24 (19:44:09) | WARNING: Intel GPU: Failed to initialize PMU

2025/02/25 (23:27:19) | ===> btop++ v.1.4.0
2025/02/25 (23:27:19) | WARNING: Intel GPU: Failed to initialize PMU

2025/02/26 (11:13:39) | ===> btop++ v.1.4.0
2025/02/26 (11:13:39) | WARNING: Intel GPU: Failed to initialize PMU

2025/02/26 (14:26:32) | ===> btop++ v.1.4.0
2025/02/26 (14:26:32) | WARNING: Intel GPU: Failed to initialize PMU

2025/02/26 (21:28:51) | ===> btop++ v.1.4.0
2025/02/26 (21:28:51) | WARNING: Intel GPU: Failed to initialize PMU

2025/02/27 (14:59:22) | ===> btop++ v.1.4.0
2025/02/27 (14:59:22) | WARNING: Intel GPU: Failed to initialize PMU
2025/02/27 (14:59:42) | WARNING: Failed to join _runner thread on exit!

2025/02/27 (14:59:57) | ===> btop++ v.1.4.0
2025/02/27 (14:59:57) | WARNING: Intel GPU: Failed to initialize PMU

2025/02/27 (16:07:56) | ===> btop++ v.1.4.0
2025/02/27 (16:07:56) | WARNING: Intel GPU: Failed to initialize PMU

2025/02/27 (16:08:22) | ===> btop++ v.1.4.0
2025/02/27 (16:08:22) | WARNING: Intel GPU: Failed to initialize PMU

2025/02/27 (16:25:11) | ===> btop++ v.1.4.0
2025/02/27 (16:25:11) | WARNING: Intel GPU: Failed to initialize PMU

2025/02/27 (17:00:12) | ===> btop++ v.1.4.0
2025/02/27 (17:00:12) | WARNING: Intel GPU: Failed to initialize PMU

2025/02/27 (17:03:45) | ===> btop++ v.1.4.0
2025/02/27 (17:03:45) | WARNING: Intel GPU: Failed to initialize PMU

2025/02/27 (17:05:41) | ===> btop++ v.1.4.0
2025/02/27 (17:05:41) | WARNING: Intel GPU: Failed to initialize PMU

2025/02/27 (17:11:20) | ===> btop++ v.1.4.0
2025/02/27 (17:11:20) | WARNING: Intel GPU: Failed to initialize PMU

2025/02/28 (16:15:20) | ===> btop++ v.1.4.0
2025/02/28 (16:15:20) | WARNING: Intel GPU: Failed to initialize PMU

2025/02/28 (16:18:55) | ===> btop++ v.1.4.0
2025/02/28 (16:18:55) | WARNING: Intel GPU: Failed to initialize PMU

2025/02/28 (16:19:35) | ===> btop++ v.1.4.0
2025/02/28 (16:19:35) | WARNING: Intel GPU: Failed to initialize PMU

2025/02/28 (16:38:26) | ===> btop++ v.1.4.0
2025/02/28 (16:38:26) | WARNING: Intel GPU: Failed to initialize PMU

2025/02/28 (16:43:26) | ===> btop++ v.1.4.0
2025/02/28 (16:43:26) | WARNING: Intel GPU: Failed to initialize PMU

2025/02/28 (19:56:12) | ===> btop++ v.1.4.0
2025/02/28 (19:56:12) | WARNING: Intel GPU: Failed to initialize PMU

2025/03/01 (01:06:35) | ===> btop++ v.1.4.0
2025/03/01 (01:06:35) | WARNING: Intel GPU: Failed to initialize PMU

2025/03/01 (20:04:00) | ===> btop++ v.1.4.0
2025/03/01 (20:04:00) | WARNING: Intel GPU: Failed to initialize PMU

2025/03/02 (00:19:32) | ===> btop++ v.1.4.0
2025/03/02 (00:19:32) | WARNING: Intel GPU: Failed to initialize PMU

2025/03/02 (00:23:50) | ===> btop++ v.1.4.0
2025/03/02 (00:23:50) | WARNING: Intel GPU: Failed to initialize PMU

2025/03/02 (01:34:18) | ===> btop++ v.1.4.0
2025/03/02 (01:34:18) | WARNING: Intel GPU: Failed to initialize PMU

2025/03/02 (01:34:27) | ===> btop++ v.1.4.0
2025/03/02 (01:34:27) | WARNING: Intel GPU: Failed to initialize PMU

2025/03/02 (01:35:09) | ===> btop++ v.1.4.0
2025/03/02 (01:35:09) | WARNING: Intel GPU: Failed to initialize PMU

2025/03/02 (01:39:45) | ===> btop++ v.1.4.0
2025/03/02 (01:39:45) | WARNING: Intel GPU: Failed to initialize PMU

2025/03/02 (03:01:08) | ===> btop++ v.1.4.0
2025/03/02 (03:01:08) | WARNING: Intel GPU: Failed to initialize PMU

2025/03/02 (04:39:25) | ===> btop++ v.1.4.0
2025/03/02 (04:39:25) | WARNING: Intel GPU: Failed to initialize PMU

2025/03/02 (04:47:19) | ===> btop++ v.1.4.0
2025/03/02 (04:47:19) | WARNING: Intel GPU: Failed to initialize PMU

2025/03/02 (04:47:40) | ===> btop++ v.1.4.0
2025/03/02 (04:47:40) | WARNING: Intel GPU: Failed to initialize PMU

2025/03/02 (04:48:44) | ===> btop++ v.1.4.0
2025/03/02 (04:48:44) | WARNING: Intel GPU: Failed to initialize PMU
2025/03/02 (04:53:45) | ERROR: Couldn't determine terminal size of "STDOUT_FILENO"!
2025/03/02 (04:53:45) | ERROR: Couldn't determine terminal size of "/dev/tty"!

2025/03/02 (06:09:37) | ===> btop++ v.1.4.0
2025/03/02 (06:09:37) | WARNING: Intel GPU: Failed to initialize PMU

2025/03/02 (06:18:31) | ===> btop++ v.1.4.0
2025/03/02 (06:18:31) | WARNING: Intel GPU: Failed to initialize PMU

2025/03/02 (13:33:16) | ===> btop++ v.1.4.0
2025/03/02 (13:33:16) | WARNING: Intel GPU: Failed to initialize PMU

2025/03/02 (13:34:40) | ===> btop++ v.1.4.0
2025/03/02 (13:34:40) | WARNING: Intel GPU: Failed to initialize PMU

2025/03/02 (19:14:25) | ===> btop++ v.1.4.0
2025/03/02 (19:14:25) | WARNING: Intel GPU: Failed to initialize PMU

2025/03/02 (19:21:06) | ===> btop++ v.1.4.0
2025/03/02 (19:21:06) | WARNING: Intel GPU: Failed to initialize PMU

2025/03/03 (15:06:28) | ===> btop++ v.1.4.0
2025/03/03 (15:06:28) | WARNING: Intel GPU: Failed to initialize PMU

2025/03/03 (19:53:46) | ===> btop++ v.1.4.0
2025/03/03 (19:53:46) | WARNING: Intel GPU: Failed to initialize PMU
